2025-06-02 17:05:28,073 - INFO - Datos exportados a carpeta 'exportaciones/'.
2025-06-02 17:06:00,544 - WARNING - Archivos de importación no encontrados en 'exportaciones'.
2025-06-02 17:06:00,545 - INFO - Inicio de la aplicación
2025-06-02 17:06:57,055 - INFO - Mascota registrada: Milardo, Dueño: Alejandro Mendoza Delgado
2025-06-02 17:14:25,680 - INFO - Datos exportados a carpeta 'exportaciones/'.
2025-06-02 17:14:30,814 - WARNING - Archivos de importación no encontrados en 'exportaciones'.
2025-06-02 17:15:32,346 - INFO - Datos exportados a carpeta 'exportaciones/'.
2025-06-02 18:03:16,258 - WARNING - Archivos de importación no encontrados en 'exportaciones'.
2025-06-02 18:03:16,259 - INFO - Inicio de la aplicación
2025-06-02 18:04:07,823 - INFO - Mascota registrada: Iggy, Dueño: Alejandro Mendoza Delgado
2025-06-02 18:04:18,457 - INFO - Datos exportados a carpeta 'exportaciones/'.
2025-06-02 18:04:23,073 - INFO - Datos exportados a carpeta 'exportaciones/'.
2025-06-02 18:04:23,090 - INFO - Cierre de la aplicación
2025-06-02 18:04:47,750 - INFO - Datos exportados a carpeta 'exportaciones/'.
2025-06-02 18:08:00,754 - WARNING - Archivos de importación no encontrados en 'exportaciones'.
2025-06-02 18:08:00,754 - INFO - Inicio de la aplicación
2025-06-02 18:09:45,727 - INFO - Mascota registrada: Milo, Dueño: Alejandro Mendoza
2025-06-02 18:09:48,180 - INFO - Datos exportados a carpeta 'exportaciones/'.
2025-06-02 18:09:50,424 - INFO - Datos exportados a carpeta 'exportaciones/'.
2025-06-02 18:09:50,424 - INFO - Cierre de la aplicación
2025-06-02 18:10:05,698 - INFO - Datos exportados a carpeta 'exportaciones/'.
